<?xml version="1.0" encoding="UTF-8"?>
<testng-results skipped="0" failed="0" total="1" passed="1">
  <reporter-output>
  </reporter-output>
  <suite name="Default suite" duration-ms="237" started-at="2020-04-09T10:37:10Z" finished-at="2020-04-09T10:37:10Z">
    <groups>
    </groups>
    <test name="Default test" duration-ms="237" started-at="2020-04-09T10:37:10Z" finished-at="2020-04-09T10:37:10Z">
      <class name="com.companyname.ModuleNameTest">
        <test-method status="PASS" signature="testCaceNameTest()[pri:0, instance:com.companyname.ModuleNameTest@1b604f19]" name="testCaceNameTest" duration-ms="106" started-at="2020-04-09T16:07:10Z" finished-at="2020-04-09T16:07:10Z">
          <reporter-output>
          </reporter-output>
        </test-method> <!-- testCaceNameTest -->
      </class> <!-- com.companyname.ModuleNameTest -->
    </test> <!-- Default test -->
  </suite> <!-- Default suite -->
</testng-results>
